running egg_info
creating ../build/detections/detections.egg-info
writing ../build/detections/detections.egg-info/PKG-INFO
writing dependency_links to ../build/detections/detections.egg-info/dependency_links.txt
writing requirements to ../build/detections/detections.egg-info/requires.txt
writing top-level names to ../build/detections/detections.egg-info/top_level.txt
writing manifest file '../build/detections/detections.egg-info/SOURCES.txt'
reading manifest file '../build/detections/detections.egg-info/SOURCES.txt'
writing manifest file '../build/detections/detections.egg-info/SOURCES.txt'
running build
running build_py
creating /home/asaace00/repo/spring/robotic/cameraTest/build/detections/build
creating /home/asaace00/repo/spring/robotic/cameraTest/build/detections/build/lib
creating /home/asaace00/repo/spring/robotic/cameraTest/build/detections/build/lib/detections
copying detections/__init__.py -> /home/asaace00/repo/spring/robotic/cameraTest/build/detections/build/lib/detections
running install
running install_lib
creating /home/asaace00/repo/spring/robotic/cameraTest/install/detections/lib/python3.12/site-packages/detections
copying /home/asaace00/repo/spring/robotic/cameraTest/build/detections/build/lib/detections/__init__.py -> /home/asaace00/repo/spring/robotic/cameraTest/install/detections/lib/python3.12/site-packages/detections
byte-compiling /home/asaace00/repo/spring/robotic/cameraTest/install/detections/lib/python3.12/site-packages/detections/__init__.py to __init__.cpython-312.pyc
running install_data
creating /home/asaace00/repo/spring/robotic/cameraTest/install/detections/share/ament_index
creating /home/asaace00/repo/spring/robotic/cameraTest/install/detections/share/ament_index/resource_index
creating /home/asaace00/repo/spring/robotic/cameraTest/install/detections/share/ament_index/resource_index/packages
copying resource/detections -> /home/asaace00/repo/spring/robotic/cameraTest/install/detections/share/ament_index/resource_index/packages
copying package.xml -> /home/asaace00/repo/spring/robotic/cameraTest/install/detections/share/detections
copying config/tags.yaml -> /home/asaace00/repo/spring/robotic/cameraTest/install/detections/share/detections
copying launch/setup.launch.py -> /home/asaace00/repo/spring/robotic/cameraTest/install/detections/share/detections
running install_egg_info
Copying ../build/detections/detections.egg-info to /home/asaace00/repo/spring/robotic/cameraTest/install/detections/lib/python3.12/site-packages/detections-0.0.0-py3.12.egg-info
running install_scripts
writing list of installed files to '/home/asaace00/repo/spring/robotic/cameraTest/build/detections/install.log'
